<?xml version="1.0" encoding="UTF-8"?>
<robot generator="Robot 4.0.2 (Python 3.8.5 on linux)" generated="20210521 10:57:16.975" rpa="false" schemaversion="2">
<suite id="s1" name="Test" source="/home/nirafxse/opsta-molecule/ansible-nexus/robot/test.robot">
<test id="s1-t1" name="Open Home">
<kw name="Set Chrome Options">
<doc>Set Chrome options for headless mode</doc>
<kw name="Evaluate" library="BuiltIn">
<var>${chrome_options}</var>
<arg>selenium.webdriver.ChromeOptions()</arg>
<doc>Evaluates the given expression in Python and returns the result.</doc>
<msg timestamp="20210521 10:57:17.426" level="INFO">${chrome_options} = &lt;selenium.webdriver.chrome.options.Options object at 0x7fcb764d7790&gt;</msg>
<status status="PASS" starttime="20210521 10:57:17.425" endtime="20210521 10:57:17.427"/>
</kw>
<kw name="Call Method" library="BuiltIn">
<arg>${chrome_options}</arg>
<arg>add_argument</arg>
<arg>--headless</arg>
<doc>Calls the named method of the given object with the provided arguments.</doc>
<status status="PASS" starttime="20210521 10:57:17.427" endtime="20210521 10:57:17.427"/>
</kw>
<kw name="Call Method" library="BuiltIn">
<arg>${chrome_options}</arg>
<arg>add_argument</arg>
<arg>--disable-gpu</arg>
<doc>Calls the named method of the given object with the provided arguments.</doc>
<status status="PASS" starttime="20210521 10:57:17.428" endtime="20210521 10:57:17.428"/>
</kw>
<kw name="Call Method" library="BuiltIn">
<arg>${chrome_options}</arg>
<arg>add_argument</arg>
<arg>--no-sandbox</arg>
<doc>Calls the named method of the given object with the provided arguments.</doc>
<status status="PASS" starttime="20210521 10:57:17.429" endtime="20210521 10:57:17.429"/>
</kw>
<status status="PASS" starttime="20210521 10:57:17.424" endtime="20210521 10:57:17.430"/>
</kw>
<kw name="Open Headless Chrome Browser to Page">
<arg>${URL_HOME}</arg>
<kw name="Set Chrome Options">
<var>${chrome_options}</var>
<doc>Set Chrome options for headless mode</doc>
<kw name="Evaluate" library="BuiltIn">
<var>${chrome_options}</var>
<arg>selenium.webdriver.ChromeOptions()</arg>
<doc>Evaluates the given expression in Python and returns the result.</doc>
<msg timestamp="20210521 10:57:17.432" level="INFO">${chrome_options} = &lt;selenium.webdriver.chrome.options.Options object at 0x7fcb76468790&gt;</msg>
<status status="PASS" starttime="20210521 10:57:17.432" endtime="20210521 10:57:17.433"/>
</kw>
<kw name="Call Method" library="BuiltIn">
<arg>${chrome_options}</arg>
<arg>add_argument</arg>
<arg>--headless</arg>
<doc>Calls the named method of the given object with the provided arguments.</doc>
<status status="PASS" starttime="20210521 10:57:17.433" endtime="20210521 10:57:17.433"/>
</kw>
<kw name="Call Method" library="BuiltIn">
<arg>${chrome_options}</arg>
<arg>add_argument</arg>
<arg>--disable-gpu</arg>
<doc>Calls the named method of the given object with the provided arguments.</doc>
<status status="PASS" starttime="20210521 10:57:17.434" endtime="20210521 10:57:17.434"/>
</kw>
<kw name="Call Method" library="BuiltIn">
<arg>${chrome_options}</arg>
<arg>add_argument</arg>
<arg>--no-sandbox</arg>
<doc>Calls the named method of the given object with the provided arguments.</doc>
<status status="PASS" starttime="20210521 10:57:17.435" endtime="20210521 10:57:17.435"/>
</kw>
<msg timestamp="20210521 10:57:17.436" level="INFO">${chrome_options} = &lt;selenium.webdriver.chrome.options.Options object at 0x7fcb76468790&gt;</msg>
<status status="PASS" starttime="20210521 10:57:17.431" endtime="20210521 10:57:17.436"/>
</kw>
<kw name="Create Webdriver" library="SeleniumLibrary">
<arg>Chrome</arg>
<arg>chrome_options=${chrome_options}</arg>
<doc>Creates an instance of Selenium WebDriver.</doc>
<msg timestamp="20210521 10:57:17.437" level="INFO">Creating an instance of the Chrome WebDriver.</msg>
<kw name="Capture Page Screenshot" library="SeleniumLibrary">
<doc>Takes a screenshot of the current page and embeds it into a log file.</doc>
<msg timestamp="20210521 10:57:17.445" level="INFO">Cannot capture screenshot because no browser is open.</msg>
<status status="PASS" starttime="20210521 10:57:17.443" endtime="20210521 10:57:17.445"/>
</kw>
<msg timestamp="20210521 10:57:17.449" level="FAIL">WebDriverException: Message: Service chromedriver unexpectedly exited. Status code was: 127
</msg>
<status status="FAIL" starttime="20210521 10:57:17.436" endtime="20210521 10:57:17.449"/>
</kw>
<kw name="Go To" library="SeleniumLibrary">
<arg>${URL_HOME}</arg>
<doc>Navigates the current browser window to the provided ``url``.</doc>
<status status="NOT RUN" starttime="20210521 10:57:17.449" endtime="20210521 10:57:17.449"/>
</kw>
<status status="FAIL" starttime="20210521 10:57:17.430" endtime="20210521 10:57:17.450"/>
</kw>
<status status="FAIL" starttime="20210521 10:57:17.422" endtime="20210521 10:57:17.452">WebDriverException: Message: Service chromedriver unexpectedly exited. Status code was: 127
</status>
</test>
<test id="s1-t2" name="Click Login">
<kw name="Open Loginpage">
<kw name="Set Selenium Speed" library="SeleniumLibrary">
<arg>${DELAY}</arg>
<doc>Sets the delay that is waited after each Selenium command.</doc>
<status status="PASS" starttime="20210521 10:57:17.456" endtime="20210521 10:57:17.458"/>
</kw>
<kw name="Click Link" library="SeleniumLibrary">
<arg>//*[@id="nx-header-signin-1143"]</arg>
<doc>Clicks a link identified by ``locator``.</doc>
<msg timestamp="20210521 10:57:17.460" level="INFO">Clicking link '//*[@id="nx-header-signin-1143"]'.</msg>
<kw name="Capture Page Screenshot" library="SeleniumLibrary">
<doc>Takes a screenshot of the current page and embeds it into a log file.</doc>
<msg timestamp="20210521 10:57:17.461" level="INFO">Cannot capture screenshot because no browser is open.</msg>
<status status="PASS" starttime="20210521 10:57:17.460" endtime="20210521 10:57:17.461"/>
</kw>
<msg timestamp="20210521 10:57:17.465" level="FAIL">No browser is open.</msg>
<status status="FAIL" starttime="20210521 10:57:17.458" endtime="20210521 10:57:17.465"/>
</kw>
<status status="FAIL" starttime="20210521 10:57:17.455" endtime="20210521 10:57:17.466"/>
</kw>
<status status="FAIL" starttime="20210521 10:57:17.453" endtime="20210521 10:57:17.468">No browser is open.</status>
</test>
<status status="FAIL" starttime="20210521 10:57:16.980" endtime="20210521 10:57:17.471"/>
</suite>
<statistics>
<total>
<stat pass="0" fail="2" skip="0">All Tests</stat>
</total>
<tag>
</tag>
<suite>
<stat pass="0" fail="2" skip="0" id="s1" name="Test">Test</stat>
</suite>
</statistics>
<errors>
</errors>
</robot>
